ls -la
cd /
ls -la
puts 1
get_command
get_command "Test"
ls -la
whatis
whatis test
git status
git log --decorate
whatis git
ls -la
ls-la
ls -la
echo 1
echo 2
echo test
ls -la
test
ls -la
[[ 1 -eq 0 ]]
echo $([[ 1 -eq 0 ]])
echo $([[ 1 -eq 1 ]])
ls -la
gws
gwD
ls -la
ls
source Test
ls
source test
ls -la
source test
cd test
ls -la
cd lib
ls -la
cd lib
ls -la
cd lib
ls -la
cd src
ls -la
cd lib
ls -la
cd ../src
ls -la
cd crsh
ls -la
cd builtins/
ls -la
cd ../../../
ls -la
cd src
ls -la
cd ..
ls -la
cd
ls -la
pwd
cd -
ls -la
pwd
cd -
pwd
ls -la
cd lib
cd -
ls -la
cd -
cd ..
ls -la
cd
ls -la
cd -
ls -la
cd lib
ls -la
cd ..
ls -la
cd src
ls -la
cd ..
ls -la
cd spec
ls -la
ls
ls -la
l
ls
ls -la
ls
ls -la
ls  
ls
ls -la
echo "      end
ls -la
ls -ls
ls -la
pwd
ls -la
echo $PATH
ls -la
pwd
cd src
cd ..
ls -la
pwd
ls -la
cd src/crsh.cr
ls -la
cd crsh
ls -la
cd crsh
ls -la
cd src
ls -la
cd ..
ls -la
cd src/crsh
ls -la
pwd
ls -la
pwd
ls
cd src/crsh
pwd
cd ../..
type cd
ls -la
cd 
ls -la
gws
git status
git status --long
ls -la
pwd
ls -la
pwd
cat README.md
ls
ls -la
cd test
ls -la
set --help
set
config autosuggestions
set autosuggestions 1
config autosuggestions
set autosuggestions true
config autosuggestions
set test.testing.tada true
config test
config autosuggestions
set autosuggestions true
config autosuggestions
set test.testing.test true
config test
config autosuggestions
set autosuggestions true
config autosuggestions
set autosuggestions true
config autosuggestions
ls -la
gws
pwd
gws
